<?xml version="1.0" encoding="UTF-8"?>
<testng-results skipped="0" failed="0" ignored="0" total="1" passed="1">
  <reporter-output>
  </reporter-output>
  <suite name="Default suite" duration-ms="6835" started-at="2021-01-25T13:35:25Z" finished-at="2021-01-25T13:35:32Z">
    <groups>
    </groups>
    <test name="Default test" duration-ms="6835" started-at="2021-01-25T13:35:25Z" finished-at="2021-01-25T13:35:32Z">
      <class name="HeaderResponse">
        <test-method status="PASS" signature="Response()[pri:0, instance:HeaderResponse@6f7fd0e6]" name="Response" duration-ms="6775" started-at="2021-01-25T13:35:25Z" finished-at="2021-01-25T13:35:32Z">
          <reporter-output>
          </reporter-output>
        </test-method> <!-- Response -->
      </class> <!-- HeaderResponse -->
    </test> <!-- Default test -->
  </suite> <!-- Default suite -->
</testng-results>
